-------------------------------------------------------------------------------
Test set: br.com.DateSpring.SpringDatePostGreApplicationTests
-------------------------------------------------------------------------------
Tests run: 1, Failures: 0, Errors: 1, Skipped: 0, Time elapsed: 0.614 s <<< FAILURE! - in br.com.DateSpring.SpringDatePostGreApplicationTests
br.com.DateSpring.SpringDatePostGreApplicationTests  Time elapsed: 0.611 s  <<< ERROR!
java.lang.IllegalStateException: Unable to find a @SpringBootConfiguration, you need to use @ContextConfiguration or @SpringBootTest(classes=...) with your test

